2024-02-18 13:34:44,542:INFO:Request URL: 'https://edudb-francecentral.documents.azure.com:443/dbs/userdb/colls/usercontainer1/'
Request method: 'GET'
Request headers:
    'Cache-Control': 'no-cache'
    'x-ms-version': 'REDACTED'
    'x-ms-documentdb-query-iscontinuationexpected': 'REDACTED'
    'x-ms-consistency-level': 'REDACTED'
    'x-ms-date': 'REDACTED'
    'authorization': 'REDACTED'
    'Accept': 'application/json'
    'Content-Length': '0'
    'User-Agent': 'azsdk-python-cosmos/4.5.1 Python/3.8.10 (Linux-5.15.0-1056-azure-x86_64-with-glibc2.29)'
No body was attached to the request
2024-02-18 13:34:44,591:INFO:Response status: 200
Response headers:
    'Cache-Control': 'no-store, no-cache'
    'Pragma': 'no-cache'
    'Transfer-Encoding': 'chunked'
    'Content-Type': 'application/json'
    'Content-Location': 'REDACTED'
    'Server': 'Microsoft-HTTPAPI/2.0'
    'Strict-Transport-Security': 'REDACTED'
    'x-ms-activity-id': 'REDACTED'
    'x-ms-last-state-change-utc': 'REDACTED'
    'etag': '"00002b00-0000-0e00-0000-65c532560000"'
    'x-ms-schemaversion': 'REDACTED'
    'collection-partition-index': 'REDACTED'
    'collection-service-index': 'REDACTED'
    'lsn': 'REDACTED'
    'x-ms-request-charge': 'REDACTED'
    'x-ms-alt-content-path': 'REDACTED'
    'x-ms-content-path': 'REDACTED'
    'x-ms-documentdb-partitionkeyrangeid': 'REDACTED'
    'x-ms-xp-role': 'REDACTED'
    'x-ms-global-Committed-lsn': 'REDACTED'
    'x-ms-number-of-read-regions': 'REDACTED'
    'x-ms-item-lsn': 'REDACTED'
    'x-ms-transport-request-id': 'REDACTED'
    'x-ms-share-throughput': 'REDACTED'
    'x-ms-cosmos-llsn': 'REDACTED'
    'x-ms-cosmos-item-llsn': 'REDACTED'
    'x-ms-session-token': 'REDACTED'
    'x-ms-request-duration-ms': 'REDACTED'
    'x-ms-serviceversion': 'REDACTED'
    'x-ms-cosmos-physical-partition-id': 'REDACTED'
    'x-ms-cosmos-max-content-length': 'REDACTED'
    'x-ms-gatewayversion': 'REDACTED'
    'Date': 'Sun, 18 Feb 2024 13:34:44 GMT'
2024-02-18 13:34:44,592:INFO:Request URL: 'https://edudb-francecentral.documents.azure.com:443/dbs/userdb/colls/usercontainer1/docs/'
Request method: 'POST'
Request headers:
    'Cache-Control': 'no-cache'
    'x-ms-version': 'REDACTED'
    'x-ms-documentdb-query-iscontinuationexpected': 'REDACTED'
    'x-ms-consistency-level': 'REDACTED'
    'x-ms-session-token': 'REDACTED'
    'x-ms-documentdb-partitionkey': 'REDACTED'
    'x-ms-date': 'REDACTED'
    'authorization': 'REDACTED'
    'Content-Type': 'application/json'
    'Accept': 'application/json'
    'x-ms-documentdb-is-upsert': 'REDACTED'
    'Content-Length': '159'
    'User-Agent': 'azsdk-python-cosmos/4.5.1 Python/3.8.10 (Linux-5.15.0-1056-azure-x86_64-with-glibc2.29)'
A body is sent with the request
2024-02-18 13:34:44,615:INFO:Response status: 201
Response headers:
    'Cache-Control': 'no-store, no-cache'
    'Pragma': 'no-cache'
    'Transfer-Encoding': 'chunked'
    'Content-Type': 'application/json'
    'Server': 'Microsoft-HTTPAPI/2.0'
    'Strict-Transport-Security': 'REDACTED'
    'x-ms-activity-id': 'REDACTED'
    'x-ms-last-state-change-utc': 'REDACTED'
    'etag': '"14014f6c-0000-0e00-0000-65d207740000"'
    'x-ms-resource-quota': 'REDACTED'
    'x-ms-resource-usage': 'REDACTED'
    'x-ms-schemaversion': 'REDACTED'
    'lsn': 'REDACTED'
    'x-ms-request-charge': 'REDACTED'
    'x-ms-alt-content-path': 'REDACTED'
    'x-ms-content-path': 'REDACTED'
    'x-ms-quorum-acked-lsn': 'REDACTED'
    'x-ms-current-write-quorum': 'REDACTED'
    'x-ms-current-replica-set-size': 'REDACTED'
    'x-ms-documentdb-partitionkeyrangeid': 'REDACTED'
    'x-ms-xp-role': 'REDACTED'
    'x-ms-global-Committed-lsn': 'REDACTED'
    'x-ms-number-of-read-regions': 'REDACTED'
    'x-ms-transport-request-id': 'REDACTED'
    'x-ms-cosmos-llsn': 'REDACTED'
    'x-ms-cosmos-quorum-acked-llsn': 'REDACTED'
    'x-ms-session-token': 'REDACTED'
    'x-ms-request-duration-ms': 'REDACTED'
    'x-ms-serviceversion': 'REDACTED'
    'x-ms-cosmos-physical-partition-id': 'REDACTED'
    'x-ms-gatewayversion': 'REDACTED'
    'Date': 'Sun, 18 Feb 2024 13:34:44 GMT'
2024-02-18 13:34:44,616:INFO:Inserted item with id 1
2024-02-18 13:34:44,952:INFO:Request URL: 'https://edudb-francecentral.documents.azure.com:443/dbs/userdb/colls/usercontainer1/docs/'
Request method: 'POST'
Request headers:
    'Cache-Control': 'no-cache'
    'x-ms-version': 'REDACTED'
    'x-ms-documentdb-query-iscontinuationexpected': 'REDACTED'
    'x-ms-consistency-level': 'REDACTED'
    'x-ms-session-token': 'REDACTED'
    'x-ms-documentdb-partitionkey': 'REDACTED'
    'x-ms-date': 'REDACTED'
    'authorization': 'REDACTED'
    'Content-Type': 'application/json'
    'Accept': 'application/json'
    'x-ms-documentdb-is-upsert': 'REDACTED'
    'Content-Length': '159'
    'User-Agent': 'azsdk-python-cosmos/4.5.1 Python/3.8.10 (Linux-5.15.0-1056-azure-x86_64-with-glibc2.29)'
A body is sent with the request
2024-02-18 13:34:44,961:INFO:Response status: 201
Response headers:
    'Cache-Control': 'no-store, no-cache'
    'Pragma': 'no-cache'
    'Transfer-Encoding': 'chunked'
    'Content-Type': 'application/json'
    'Server': 'Microsoft-HTTPAPI/2.0'
    'Strict-Transport-Security': 'REDACTED'
    'x-ms-activity-id': 'REDACTED'
    'x-ms-last-state-change-utc': 'REDACTED'
    'etag': '"1401596c-0000-0e00-0000-65d207740000"'
    'x-ms-resource-quota': 'REDACTED'
    'x-ms-resource-usage': 'REDACTED'
    'x-ms-schemaversion': 'REDACTED'
    'lsn': 'REDACTED'
    'x-ms-request-charge': 'REDACTED'
    'x-ms-alt-content-path': 'REDACTED'
    'x-ms-content-path': 'REDACTED'
    'x-ms-quorum-acked-lsn': 'REDACTED'
    'x-ms-current-write-quorum': 'REDACTED'
    'x-ms-current-replica-set-size': 'REDACTED'
    'x-ms-documentdb-partitionkeyrangeid': 'REDACTED'
    'x-ms-xp-role': 'REDACTED'
    'x-ms-global-Committed-lsn': 'REDACTED'
    'x-ms-number-of-read-regions': 'REDACTED'
    'x-ms-transport-request-id': 'REDACTED'
    'x-ms-cosmos-llsn': 'REDACTED'
    'x-ms-cosmos-quorum-acked-llsn': 'REDACTED'
    'x-ms-session-token': 'REDACTED'
    'x-ms-request-duration-ms': 'REDACTED'
    'x-ms-serviceversion': 'REDACTED'
    'x-ms-cosmos-physical-partition-id': 'REDACTED'
    'x-ms-gatewayversion': 'REDACTED'
    'Date': 'Sun, 18 Feb 2024 13:34:44 GMT'
2024-02-18 13:34:44,962:INFO:Inserted item with id 2
